* using log directory ‘/Users/vasilisdakos/Dropbox/commits_Rforge/earlywarnings.Rcheck’
* using R version 2.15.1 (2012-06-22)
* using platform: x86_64-apple-darwin9.8.0 (64-bit)
* using session charset: UTF-8
* checking for file ‘earlywarnings/DESCRIPTION’ ... OK
* checking extension type ... Package
* this is package ‘earlywarnings’ version ‘1.0.3’
* checking package namespace information ... OK
* checking package dependencies ... OK
* checking if this is a source package ... OK
* checking if there is a namespace ... OK
* checking for executable files ... OK
* checking whether package ‘earlywarnings’ can be installed ... OK
* checking installed package size ... OK
* checking package directory ... OK
* checking for portable file names ... OK
* checking for sufficient/correct file permissions ... OK
* checking DESCRIPTION meta-information ... OK
* checking top-level files ... OK
* checking index information ... OK
* checking package subdirectories ... OK
* checking R files for non-ASCII characters ... OK
* checking R files for syntax errors ... OK
* checking whether the package can be loaded ... OK
* checking whether the package can be loaded with stated dependencies ... OK
* checking whether the package can be unloaded cleanly ... OK
* checking whether the namespace can be loaded with stated dependencies ... OK
* checking whether the namespace can be unloaded cleanly ... OK
* checking for unstated dependencies in R code ... WARNING
‘::’ or ‘:::’ import not declared from: ‘akima’
‘library’ or ‘require’ calls not declared from:
  ‘Kendall’ ‘KernSmooth’ ‘akima’ ‘fields’ ‘ggplot2’ ‘lmtest’ ‘moments’
  ‘nortest’ ‘quadprog’ ‘som’ ‘tseries’
See the information on DESCRIPTION files in the chapter ‘Creating R
packages’ of the ‘Writing R Extensions’ manual.
* checking S3 generic/method consistency ... OK
* checking replacement functions ... OK
* checking foreign function calls ... OK
* checking R code for possible problems ... NOTE
BDSboot: no visible global function definition for ‘bds.test’
PlotPotential: no visible global function definition for ‘ggplot’
PlotPotential: no visible global function definition for ‘aes’
PlotPotential: no visible binding for global variable ‘potential’
PlotPotential: no visible global function definition for ‘geom_tile’
PlotPotential: no visible global function definition for ‘stat_contour’
PlotPotential: no visible global function definition for ‘xlab’
PlotPotential: no visible global function definition for ‘ylab’
PlotPotential: no visible global function definition for ‘labs’
bdstest_ews: no visible global function definition for ‘garch’
generic_ews: no visible global function definition for ‘skewness’
generic_ews: no visible global function definition for ‘kurtosis’
sensitivity_ews: no visible binding for global variable ‘skewness’
sensitivity_ews: no visible binding for global variable ‘kurtosis’
sensitivity_ews: no visible global function definition for ‘image.plot’
surrogates_ews: no visible binding for global variable ‘skewness’
surrogates_ews: no visible binding for global variable ‘kurtosis’
* checking Rd files ... OK
* checking Rd metadata ... OK
* checking Rd cross-references ... OK
* checking for missing documentation entries ... OK
* checking for code/documentation mismatches ... OK
* checking Rd \usage sections ... OK
* checking Rd contents ... OK
* checking for unstated dependencies in examples ... OK
* checking contents of ‘data’ directory ... OK
* checking data for non-ASCII characters ... OK
* checking data for ASCII and uncompressed saves ... OK
* checking examples ... WARNING
Found the following significant warnings:

  Warning: sd(<matrix>) is deprecated.
Deprecated functions may be defunct as soon as of the next release of
R.
See ?Deprecated.
* checking PDF version of manual ... WARNING
LaTeX errors when creating PDF version.
This typically indicates Rd problems.
LaTeX errors found:
! LaTeX Error: File `inconsolata.sty' not found.

Type X to quit or <RETURN> to proceed,
or enter new name. (Default extension: sty)

* checking PDF version of manual without hyperrefs or index ... OK
WARNING: There were 3 warnings.
NOTE: There was 1 note.
See
  ‘/Users/vasilisdakos/Dropbox/commits_Rforge/earlywarnings.Rcheck/00check.log’
for details.
