Hmm ... looks like a package
This is pdfTeXk, Version 3.1415926-1.40.9 (Web2C 7.5.7)
 %&-line parsing enabled.
entering extended mode
(./Rd2.tex
LaTeX2e <2005/12/01>
Babel <v3.8l> and hyphenation patterns for english, usenglishmax, dumylang, noh
yphenation, german-x-2008-06-18, ngerman-x-2008-06-18, ancientgreek, ibycus, ar
abic, basque, bulgarian, catalan, pinyin, coptic, croatian, czech, danish, dutc
h, esperanto, estonian, farsi, finnish, french, galician, german, ngerman, mono
greek, greek, hungarian, icelandic, indonesian, interlingua, irish, italian, la
tin, mongolian, mongolian2a, bokmal, nynorsk, polish, portuguese, romanian, rus
sian, sanskrit, serbian, slovak, slovenian, spanish, swedish, turkish, ukenglis
h, ukrainian, uppersorbian, welsh, loaded.

(/usr/local/texlive/2008/texmf-dist/tex/latex/base/book.cls
Document Class: book 2005/09/16 v1.4f Standard LaTeX document class
(/usr/local/texlive/2008/texmf-dist/tex/latex/base/bk10.clo))
(/Library/Frameworks/R.framework/Resources/share/texmf/tex/latex/Rd.sty
(/usr/local/texlive/2008/texmf-dist/tex/latex/base/ifthen.sty)
(/usr/local/texlive/2008/texmf-dist/tex/latex/tools/longtable.sty)
(/usr/local/texlive/2008/texmf-dist/tex/latex/tools/bm.sty)
(/usr/local/texlive/2008/texmf-dist/tex/latex/base/alltt.sty)
(/usr/local/texlive/2008/texmf-dist/tex/latex/tools/verbatim.sty)
(/usr/local/texlive/2008/texmf-dist/tex/latex/ltxmisc/url.sty)
(/Library/Frameworks/R.framework/Resources/share/texmf/tex/latex/upquote.sty
(/usr/local/texlive/2008/texmf-dist/tex/latex/base/textcomp.sty
(/usr/local/texlive/2008/texmf-dist/tex/latex/base/ts1enc.def)))
NOT loading ae (/usr/local/texlive/2008/texmf-dist/tex/latex/base/fontenc.sty
(/usr/local/texlive/2008/texmf-dist/tex/latex/base/t1enc.def))
(/usr/local/texlive/2008/texmf-dist/tex/latex/psnfss/times.sty)
NOT loading lmodern)
(/usr/local/texlive/2008/texmf-dist/tex/latex/base/inputenc.sty
(/usr/local/texlive/2008/texmf-dist/tex/latex/base/utf8.def
(/usr/local/texlive/2008/texmf-dist/tex/latex/base/t1enc.dfu)
(/usr/local/texlive/2008/texmf-dist/tex/latex/base/ot1enc.dfu)
(/usr/local/texlive/2008/texmf-dist/tex/latex/base/omsenc.dfu)
(/usr/local/texlive/2008/texmf-dist/tex/latex/base/ts1enc.dfu))
(/usr/local/texlive/2008/texmf-dist/tex/latex/base/latin1.def))
No file Rd2.aux.
(/usr/local/texlive/2008/texmf-dist/tex/latex/base/ts1cmr.fd)
(/usr/local/texlive/2008/texmf-dist/tex/latex/psnfss/t1ptm.fd)
(/usr/local/texlive/2008/texmf-dist/tex/latex/psnfss/t1pcr.fd)
(/usr/local/texlive/2008/texmf-dist/tex/latex/psnfss/ts1ptm.fd)
(/usr/local/texlive/2008/texmf-dist/tex/latex/psnfss/t1phv.fd)
No file Rd2.toc.
(/usr/local/texlive/2008/texmf-dist/tex/latex/base/utf8.def) [1{/usr/local/texl
ive/2008/texmf-var/fonts/map/pdftex/updmap/pdftex.map}]
Overfull \hbox (8.0864pt too wide) in paragraph at lines 67--71
\T1/ptm/m/n/10 TRUE the best ARMA model based on AIC is ap-plied. If FALSE the 
\T1/pcr/m/n/10 ARMAorder

Overfull \hbox (7.93677pt too wide) in paragraph at lines 113--116
[]\T1/ptm/m/n/10 data(foldbif) bd-stest_ews(foldbif,ARMAoptim=FALSE,ARMAorder=c
(1,0),embdim=3,epsilon=0.5,
[2]
Overfull \hbox (28.89624pt too wide) in paragraph at lines 146--150
\T1/ptm/m/n/10 Il-lus-trated Us-ing Sim-u-lated Eco-log-i-cal Data." \T1/ptm/m/
it/10 PLoS ONE \T1/ptm/m/n/10 7(7): e41010. doi:10.1371/journal.pone.0041010 

Overfull \hbox (23.08043pt too wide) in paragraph at lines 153--158
[]\T1/pcr/m/n/10 generic_ews\T1/ptm/m/n/10 ; \T1/pcr/m/n/10 ddjnonparam_ews\T1/
ptm/m/n/10 ; \T1/pcr/m/n/10 bdstest_ews\T1/ptm/m/n/10 ; \T1/pcr/m/n/10 sensitiv
ity_ews\T1/ptm/m/n/10 ; \T1/pcr/m/n/10 surrogates_ews\T1/ptm/m/n/10 ;
(/usr/local/texlive/2008/texmf-dist/tex/latex/base/utf8.def) [3]
Overfull \hbox (28.89624pt too wide) in paragraph at lines 253--257
\T1/ptm/m/n/10 Il-lus-trated Us-ing Sim-u-lated Eco-log-i-cal Data." \T1/ptm/m/
it/10 PLoS ONE \T1/ptm/m/n/10 7(7): e41010. doi:10.1371/journal.pone.0041010 

Overfull \hbox (23.08043pt too wide) in paragraph at lines 260--264
[]\T1/pcr/m/n/10 generic_ews\T1/ptm/m/n/10 ; \T1/pcr/m/n/10 ddjnonparam_ews\T1/
ptm/m/n/10 ; \T1/pcr/m/n/10 bdstest_ews\T1/ptm/m/n/10 ; \T1/pcr/m/n/10 sensitiv
ity_ews\T1/ptm/m/n/10 ; \T1/pcr/m/n/10 surrogates_ews\T1/ptm/m/n/10 ;
(/usr/local/texlive/2008/texmf-dist/tex/latex/base/utf8.def) [4]
(/usr/local/texlive/2008/texmf-dist/tex/latex/base/utf8.def) [5]
Overfull \hbox (28.89624pt too wide) in paragraph at lines 412--416
\T1/ptm/m/n/10 Il-lus-trated Us-ing Sim-u-lated Eco-log-i-cal Data." \T1/ptm/m/
it/10 PLoS ONE \T1/ptm/m/n/10 7(7): e41010. doi:10.1371/journal.pone.0041010 
[6]
Overfull \hbox (20.98041pt too wide) in paragraph at lines 419--424
[]\T1/pcr/m/n/10 generic_ews\T1/ptm/m/n/10 ; \T1/pcr/m/n/10 ddjnonparam_ews\T1/
ptm/m/n/10 ; \T1/pcr/m/n/10 bdstest_ews\T1/ptm/m/n/10 ; \T1/pcr/m/n/10 sensitiv
ity_ews\T1/ptm/m/n/10 ;\T1/pcr/m/n/10 surrogates_ews\T1/ptm/m/n/10 ;
(/usr/local/texlive/2008/texmf-dist/tex/latex/base/utf8.def)
(/usr/local/texlive/2008/texmf-dist/tex/latex/base/utf8.def) [7] [8]
Overfull \hbox (28.89624pt too wide) in paragraph at lines 593--597
\T1/ptm/m/n/10 Il-lus-trated Us-ing Sim-u-lated Eco-log-i-cal Data." \T1/ptm/m/
it/10 PLoS ONE \T1/ptm/m/n/10 7(7): e41010. doi:10.1371/journal.pone.0041010 

Overfull \hbox (23.08043pt too wide) in paragraph at lines 600--605
[]\T1/pcr/m/n/10 generic_ews\T1/ptm/m/n/10 ; \T1/pcr/m/n/10 ddjnonparam_ews\T1/
ptm/m/n/10 ; \T1/pcr/m/n/10 bdstest_ews\T1/ptm/m/n/10 ; \T1/pcr/m/n/10 sensitiv
ity_ews\T1/ptm/m/n/10 ; \T1/pcr/m/n/10 surrogates_ews\T1/ptm/m/n/10 ;
(/usr/local/texlive/2008/texmf-dist/tex/latex/base/utf8.def) [9]
Overfull \hbox (28.89624pt too wide) in paragraph at lines 683--687
\T1/ptm/m/n/10 Il-lus-trated Us-ing Sim-u-lated Eco-log-i-cal Data." \T1/ptm/m/
it/10 PLoS ONE \T1/ptm/m/n/10 7(7): e41010. doi:10.1371/journal.pone.0041010 

Overfull \hbox (20.98041pt too wide) in paragraph at lines 690--694
[]\T1/pcr/m/n/10 generic_ews\T1/ptm/m/n/10 ; \T1/pcr/m/n/10 ddjnonparam_ews\T1/
ptm/m/n/10 ; \T1/pcr/m/n/10 bdstest_ews\T1/ptm/m/n/10 ; \T1/pcr/m/n/10 sensitiv
ity_ews\T1/ptm/m/n/10 ;\T1/pcr/m/n/10 surrogates_ews\T1/ptm/m/n/10 ;
[10] (/usr/local/texlive/2008/texmf-dist/tex/latex/base/utf8.def) [11]
Overfull \hbox (20.98041pt too wide) in paragraph at lines 790--794
[]\T1/pcr/m/n/10 generic_ews\T1/ptm/m/n/10 ; \T1/pcr/m/n/10 ddjnonparam_ews\T1/
ptm/m/n/10 ; \T1/pcr/m/n/10 bdstest_ews\T1/ptm/m/n/10 ; \T1/pcr/m/n/10 sensitiv
ity_ews\T1/ptm/m/n/10 ;\T1/pcr/m/n/10 surrogates_ews\T1/ptm/m/n/10 ;

Overfull \hbox (9.78043pt too wide) in paragraph at lines 798--798
 []\T1/pcr/m/n/9 X = c(rnorm(1000, mean = 0), rnorm(1000, mean = -2), rnorm(100
0, mean = 2))[] 
(/usr/local/texlive/2008/texmf-dist/tex/latex/base/utf8.def)
Overfull \hbox (120.78088pt too wide) in paragraph at lines 817--817
 []    \T1/pcr/m/n/10 indicator = c("ar1", "sd", "acf1", "sk", "kurt", "cv", "r
eturnrate", "densratio"),[] 
[12]
Overfull \hbox (28.89624pt too wide) in paragraph at lines 912--916
\T1/ptm/m/n/10 Il-lus-trated Us-ing Sim-u-lated Eco-log-i-cal Data." \T1/ptm/m/
it/10 PLoS ONE \T1/ptm/m/n/10 7(7): e41010. doi:10.1371/journal.pone.0041010 

Overfull \hbox (23.08043pt too wide) in paragraph at lines 919--924
[]\T1/pcr/m/n/10 generic_ews\T1/ptm/m/n/10 ; \T1/pcr/m/n/10 ddjnonparam_ews\T1/
ptm/m/n/10 ; \T1/pcr/m/n/10 bdstest_ews\T1/ptm/m/n/10 ; \T1/pcr/m/n/10 sensitiv
ity_ews\T1/ptm/m/n/10 ; \T1/pcr/m/n/10 surrogates_ews\T1/ptm/m/n/10 ;
[13] (/usr/local/texlive/2008/texmf-dist/tex/latex/base/utf8.def)
Overfull \hbox (120.78088pt too wide) in paragraph at lines 950--950
 []    \T1/pcr/m/n/10 indicator = c("ar1", "sd", "acf1", "sk", "kurt", "cv", "r
eturnrate", "densratio"),[] 
[14]
Overfull \hbox (28.89624pt too wide) in paragraph at lines 1049--1053
\T1/ptm/m/n/10 Il-lus-trated Us-ing Sim-u-lated Eco-log-i-cal Data." \T1/ptm/m/
it/10 PLoS ONE \T1/ptm/m/n/10 7(7): e41010. doi:10.1371/journal.pone.0041010 

Overfull \hbox (23.08043pt too wide) in paragraph at lines 1056--1061
[]\T1/pcr/m/n/10 generic_ews\T1/ptm/m/n/10 ; \T1/pcr/m/n/10 ddjnonparam_ews\T1/
ptm/m/n/10 ; \T1/pcr/m/n/10 bdstest_ews\T1/ptm/m/n/10 ; \T1/pcr/m/n/10 sensitiv
ity_ews\T1/ptm/m/n/10 ; \T1/pcr/m/n/10 surrogates_ews\T1/ptm/m/n/10 ;

Overfull \hbox (25.98041pt too wide) in paragraph at lines 1066--1066
 []\T1/pcr/m/n/9 output=surrogates_ews(foldbif,indicator="sd",winsize=50,detren
ding="gaussian",[] 
(/usr/local/texlive/2008/texmf-dist/tex/latex/base/utf8.def) [15] [16]
(./Rd2.aux) )
(see the transcript file for additional information){/usr/local/texlive/2008/te
xmf-dist/fonts/enc/dvips/base/8r.enc}</usr/local/texlive/2008/texmf-dist/fonts/
type1/bluesky/cm/cmmi10.pfb></usr/local/texlive/2008/texmf-dist/fonts/type1/blu
esky/cm/cmr10.pfb></usr/local/texlive/2008/texmf-dist/fonts/type1/urw/courier/u
crr8a.pfb></usr/local/texlive/2008/texmf-dist/fonts/type1/urw/helvetic/uhvr8a.p
fb></usr/local/texlive/2008/texmf-dist/fonts/type1/urw/times/utmb8a.pfb></usr/l
ocal/texlive/2008/texmf-dist/fonts/type1/urw/times/utmr8a.pfb></usr/local/texli
ve/2008/texmf-dist/fonts/type1/urw/times/utmr8a.pfb></usr/local/texlive/2008/te
xmf-dist/fonts/type1/urw/times/utmri8a.pfb>
Output written on Rd2.pdf (16 pages, 121183 bytes).
Transcript written on Rd2.log.
This is pdfTeXk, Version 3.1415926-1.40.9 (Web2C 7.5.7)
 %&-line parsing enabled.
entering extended mode
(./Rd2.tex
LaTeX2e <2005/12/01>
Babel <v3.8l> and hyphenation patterns for english, usenglishmax, dumylang, noh
yphenation, german-x-2008-06-18, ngerman-x-2008-06-18, ancientgreek, ibycus, ar
abic, basque, bulgarian, catalan, pinyin, coptic, croatian, czech, danish, dutc
h, esperanto, estonian, farsi, finnish, french, galician, german, ngerman, mono
greek, greek, hungarian, icelandic, indonesian, interlingua, irish, italian, la
tin, mongolian, mongolian2a, bokmal, nynorsk, polish, portuguese, romanian, rus
sian, sanskrit, serbian, slovak, slovenian, spanish, swedish, turkish, ukenglis
h, ukrainian, uppersorbian, welsh, loaded.

(/usr/local/texlive/2008/texmf-dist/tex/latex/base/book.cls
Document Class: book 2005/09/16 v1.4f Standard LaTeX document class
(/usr/local/texlive/2008/texmf-dist/tex/latex/base/bk10.clo))
(/Library/Frameworks/R.framework/Resources/share/texmf/tex/latex/Rd.sty
(/usr/local/texlive/2008/texmf-dist/tex/latex/base/ifthen.sty)
(/usr/local/texlive/2008/texmf-dist/tex/latex/tools/longtable.sty)
(/usr/local/texlive/2008/texmf-dist/tex/latex/tools/bm.sty)
(/usr/local/texlive/2008/texmf-dist/tex/latex/base/alltt.sty)
(/usr/local/texlive/2008/texmf-dist/tex/latex/tools/verbatim.sty)
(/usr/local/texlive/2008/texmf-dist/tex/latex/ltxmisc/url.sty)
(/Library/Frameworks/R.framework/Resources/share/texmf/tex/latex/upquote.sty
(/usr/local/texlive/2008/texmf-dist/tex/latex/base/textcomp.sty
(/usr/local/texlive/2008/texmf-dist/tex/latex/base/ts1enc.def)))
NOT loading ae (/usr/local/texlive/2008/texmf-dist/tex/latex/base/fontenc.sty
(/usr/local/texlive/2008/texmf-dist/tex/latex/base/t1enc.def))
(/usr/local/texlive/2008/texmf-dist/tex/latex/psnfss/times.sty)
NOT loading lmodern)
(/usr/local/texlive/2008/texmf-dist/tex/latex/base/inputenc.sty
(/usr/local/texlive/2008/texmf-dist/tex/latex/base/utf8.def
(/usr/local/texlive/2008/texmf-dist/tex/latex/base/t1enc.dfu)
(/usr/local/texlive/2008/texmf-dist/tex/latex/base/ot1enc.dfu)
(/usr/local/texlive/2008/texmf-dist/tex/latex/base/omsenc.dfu)
(/usr/local/texlive/2008/texmf-dist/tex/latex/base/ts1enc.dfu))
(/usr/local/texlive/2008/texmf-dist/tex/latex/base/latin1.def)) (./Rd2.aux)
(/usr/local/texlive/2008/texmf-dist/tex/latex/base/ts1cmr.fd)
(/usr/local/texlive/2008/texmf-dist/tex/latex/psnfss/t1ptm.fd)
(/usr/local/texlive/2008/texmf-dist/tex/latex/psnfss/t1pcr.fd)
(/usr/local/texlive/2008/texmf-dist/tex/latex/psnfss/ts1ptm.fd)
(/usr/local/texlive/2008/texmf-dist/tex/latex/psnfss/t1phv.fd) (./Rd2.toc)
(/usr/local/texlive/2008/texmf-dist/tex/latex/base/utf8.def) [1{/usr/local/texl
ive/2008/texmf-var/fonts/map/pdftex/updmap/pdftex.map}]
Overfull \hbox (8.0864pt too wide) in paragraph at lines 67--71
\T1/ptm/m/n/10 TRUE the best ARMA model based on AIC is ap-plied. If FALSE the 
\T1/pcr/m/n/10 ARMAorder

Overfull \hbox (7.93677pt too wide) in paragraph at lines 113--116
[]\T1/ptm/m/n/10 data(foldbif) bd-stest_ews(foldbif,ARMAoptim=FALSE,ARMAorder=c
(1,0),embdim=3,epsilon=0.5,
[2]
Overfull \hbox (28.89624pt too wide) in paragraph at lines 146--150
\T1/ptm/m/n/10 Il-lus-trated Us-ing Sim-u-lated Eco-log-i-cal Data." \T1/ptm/m/
it/10 PLoS ONE \T1/ptm/m/n/10 7(7): e41010. doi:10.1371/journal.pone.0041010 

Overfull \hbox (23.08043pt too wide) in paragraph at lines 153--158
[]\T1/pcr/m/n/10 generic_ews\T1/ptm/m/n/10 ; \T1/pcr/m/n/10 ddjnonparam_ews\T1/
ptm/m/n/10 ; \T1/pcr/m/n/10 bdstest_ews\T1/ptm/m/n/10 ; \T1/pcr/m/n/10 sensitiv
ity_ews\T1/ptm/m/n/10 ; \T1/pcr/m/n/10 surrogates_ews\T1/ptm/m/n/10 ;
(/usr/local/texlive/2008/texmf-dist/tex/latex/base/utf8.def) [3]
Overfull \hbox (28.89624pt too wide) in paragraph at lines 253--257
\T1/ptm/m/n/10 Il-lus-trated Us-ing Sim-u-lated Eco-log-i-cal Data." \T1/ptm/m/
it/10 PLoS ONE \T1/ptm/m/n/10 7(7): e41010. doi:10.1371/journal.pone.0041010 

Overfull \hbox (23.08043pt too wide) in paragraph at lines 260--264
[]\T1/pcr/m/n/10 generic_ews\T1/ptm/m/n/10 ; \T1/pcr/m/n/10 ddjnonparam_ews\T1/
ptm/m/n/10 ; \T1/pcr/m/n/10 bdstest_ews\T1/ptm/m/n/10 ; \T1/pcr/m/n/10 sensitiv
ity_ews\T1/ptm/m/n/10 ; \T1/pcr/m/n/10 surrogates_ews\T1/ptm/m/n/10 ;
[4] (/usr/local/texlive/2008/texmf-dist/tex/latex/base/utf8.def)
(/usr/local/texlive/2008/texmf-dist/tex/latex/base/utf8.def) [5] [6]
Overfull \hbox (28.89624pt too wide) in paragraph at lines 412--416
\T1/ptm/m/n/10 Il-lus-trated Us-ing Sim-u-lated Eco-log-i-cal Data." \T1/ptm/m/
it/10 PLoS ONE \T1/ptm/m/n/10 7(7): e41010. doi:10.1371/journal.pone.0041010 

Overfull \hbox (20.98041pt too wide) in paragraph at lines 419--424
[]\T1/pcr/m/n/10 generic_ews\T1/ptm/m/n/10 ; \T1/pcr/m/n/10 ddjnonparam_ews\T1/
ptm/m/n/10 ; \T1/pcr/m/n/10 bdstest_ews\T1/ptm/m/n/10 ; \T1/pcr/m/n/10 sensitiv
ity_ews\T1/ptm/m/n/10 ;\T1/pcr/m/n/10 surrogates_ews\T1/ptm/m/n/10 ;
(/usr/local/texlive/2008/texmf-dist/tex/latex/base/utf8.def) [7]
(/usr/local/texlive/2008/texmf-dist/tex/latex/base/utf8.def) [8]
Overfull \hbox (28.89624pt too wide) in paragraph at lines 593--597
\T1/ptm/m/n/10 Il-lus-trated Us-ing Sim-u-lated Eco-log-i-cal Data." \T1/ptm/m/
it/10 PLoS ONE \T1/ptm/m/n/10 7(7): e41010. doi:10.1371/journal.pone.0041010 

Overfull \hbox (23.08043pt too wide) in paragraph at lines 600--605
[]\T1/pcr/m/n/10 generic_ews\T1/ptm/m/n/10 ; \T1/pcr/m/n/10 ddjnonparam_ews\T1/
ptm/m/n/10 ; \T1/pcr/m/n/10 bdstest_ews\T1/ptm/m/n/10 ; \T1/pcr/m/n/10 sensitiv
ity_ews\T1/ptm/m/n/10 ; \T1/pcr/m/n/10 surrogates_ews\T1/ptm/m/n/10 ;
(/usr/local/texlive/2008/texmf-dist/tex/latex/base/utf8.def) [9]
Overfull \hbox (28.89624pt too wide) in paragraph at lines 683--687
\T1/ptm/m/n/10 Il-lus-trated Us-ing Sim-u-lated Eco-log-i-cal Data." \T1/ptm/m/
it/10 PLoS ONE \T1/ptm/m/n/10 7(7): e41010. doi:10.1371/journal.pone.0041010 

Overfull \hbox (20.98041pt too wide) in paragraph at lines 690--694
[]\T1/pcr/m/n/10 generic_ews\T1/ptm/m/n/10 ; \T1/pcr/m/n/10 ddjnonparam_ews\T1/
ptm/m/n/10 ; \T1/pcr/m/n/10 bdstest_ews\T1/ptm/m/n/10 ; \T1/pcr/m/n/10 sensitiv
ity_ews\T1/ptm/m/n/10 ;\T1/pcr/m/n/10 surrogates_ews\T1/ptm/m/n/10 ;
[10] (/usr/local/texlive/2008/texmf-dist/tex/latex/base/utf8.def) [11]
Overfull \hbox (20.98041pt too wide) in paragraph at lines 790--794
[]\T1/pcr/m/n/10 generic_ews\T1/ptm/m/n/10 ; \T1/pcr/m/n/10 ddjnonparam_ews\T1/
ptm/m/n/10 ; \T1/pcr/m/n/10 bdstest_ews\T1/ptm/m/n/10 ; \T1/pcr/m/n/10 sensitiv
ity_ews\T1/ptm/m/n/10 ;\T1/pcr/m/n/10 surrogates_ews\T1/ptm/m/n/10 ;

Overfull \hbox (9.78043pt too wide) in paragraph at lines 798--798
 []\T1/pcr/m/n/9 X = c(rnorm(1000, mean = 0), rnorm(1000, mean = -2), rnorm(100
0, mean = 2))[] 
(/usr/local/texlive/2008/texmf-dist/tex/latex/base/utf8.def)
Overfull \hbox (120.78088pt too wide) in paragraph at lines 817--817
 []    \T1/pcr/m/n/10 indicator = c("ar1", "sd", "acf1", "sk", "kurt", "cv", "r
eturnrate", "densratio"),[] 
[12]
Overfull \hbox (28.89624pt too wide) in paragraph at lines 912--916
\T1/ptm/m/n/10 Il-lus-trated Us-ing Sim-u-lated Eco-log-i-cal Data." \T1/ptm/m/
it/10 PLoS ONE \T1/ptm/m/n/10 7(7): e41010. doi:10.1371/journal.pone.0041010 

Overfull \hbox (23.08043pt too wide) in paragraph at lines 919--924
[]\T1/pcr/m/n/10 generic_ews\T1/ptm/m/n/10 ; \T1/pcr/m/n/10 ddjnonparam_ews\T1/
ptm/m/n/10 ; \T1/pcr/m/n/10 bdstest_ews\T1/ptm/m/n/10 ; \T1/pcr/m/n/10 sensitiv
ity_ews\T1/ptm/m/n/10 ; \T1/pcr/m/n/10 surrogates_ews\T1/ptm/m/n/10 ;
[13] (/usr/local/texlive/2008/texmf-dist/tex/latex/base/utf8.def)
Overfull \hbox (120.78088pt too wide) in paragraph at lines 950--950
 []    \T1/pcr/m/n/10 indicator = c("ar1", "sd", "acf1", "sk", "kurt", "cv", "r
eturnrate", "densratio"),[] 
[14]
Overfull \hbox (28.89624pt too wide) in paragraph at lines 1049--1053
\T1/ptm/m/n/10 Il-lus-trated Us-ing Sim-u-lated Eco-log-i-cal Data." \T1/ptm/m/
it/10 PLoS ONE \T1/ptm/m/n/10 7(7): e41010. doi:10.1371/journal.pone.0041010 

Overfull \hbox (23.08043pt too wide) in paragraph at lines 1056--1061
[]\T1/pcr/m/n/10 generic_ews\T1/ptm/m/n/10 ; \T1/pcr/m/n/10 ddjnonparam_ews\T1/
ptm/m/n/10 ; \T1/pcr/m/n/10 bdstest_ews\T1/ptm/m/n/10 ; \T1/pcr/m/n/10 sensitiv
ity_ews\T1/ptm/m/n/10 ; \T1/pcr/m/n/10 surrogates_ews\T1/ptm/m/n/10 ;

Overfull \hbox (25.98041pt too wide) in paragraph at lines 1066--1066
 []\T1/pcr/m/n/9 output=surrogates_ews(foldbif,indicator="sd",winsize=50,detren
ding="gaussian",[] 
(/usr/local/texlive/2008/texmf-dist/tex/latex/base/utf8.def) [15] [16]
(./Rd2.aux) )
(see the transcript file for additional information){/usr/local/texlive/2008/te
xmf-dist/fonts/enc/dvips/base/8r.enc}</usr/local/texlive/2008/texmf-dist/fonts/
type1/bluesky/cm/cmmi10.pfb></usr/local/texlive/2008/texmf-dist/fonts/type1/blu
esky/cm/cmr10.pfb></usr/local/texlive/2008/texmf-dist/fonts/type1/urw/courier/u
crr8a.pfb></usr/local/texlive/2008/texmf-dist/fonts/type1/urw/helvetic/uhvr8a.p
fb></usr/local/texlive/2008/texmf-dist/fonts/type1/urw/times/utmb8a.pfb></usr/l
ocal/texlive/2008/texmf-dist/fonts/type1/urw/times/utmr8a.pfb></usr/local/texli
ve/2008/texmf-dist/fonts/type1/urw/times/utmr8a.pfb></usr/local/texlive/2008/te
xmf-dist/fonts/type1/urw/times/utmri8a.pfb>
Output written on Rd2.pdf (16 pages, 121594 bytes).
Transcript written on Rd2.log.
Saving output to 'earlywarnings-manual.pdf' ...
Done
You may want to clean up by 'rm -rf /var/folders/Mu/Mub88OIQGkKhiodHEO99f++++TI/-Tmp-//Rtmpd4z38i/Rd2pdfdfa7e582a6a'
